644903083
644219422
644887833
644211479
644142560
644127551
644119558
644131209
644126224
644135934
644727524
644812569
644890609
644115385
644455632
110964914
644177134
644564360
644885119
644901456
644450631
644868636
639691474
644450633
644808114
644883465
644899585
644572981
644143040
644443313
644349490
644746758
644525010
644585296
644917056
644530759
644529763
644776304
644531677
644589214
644131955
644590258
644700068
644645327
644749524
644773139
644046379
644728584
644089833
644568759
644533598
644866869
644090159
644102838
644128293
644769215
644128129
644473571
644617256
644219696
644865597
644438291
644047044
644749340
644313323
644521154
644479125
644776425
644717891
644408200
644476919
644425131
644503042
644345092
644630218
644178688
644899203
644904290
644064788
644775339
644129415
644643171
644461007
644768371
644532348
644447573
644091517
644227721
644920827
644317375
644786825
644598123
644065754
644411839
644774243
644072759
644543448
644487637
644208507
644456490
